#
# A fatal error has been detected by the Java Runtime Environment:
#
#  EXCEPTION_ACCESS_VIOLATION (0xc0000005) at pc=0x000000007706eef1, pid=3768, tid=0x0000000000001348
#
# JRE version: Java(TM) SE Runtime Environment (8.0_111-b14) (build 1.8.0_111-b14)
# Java VM: Java HotSpot(TM) 64-Bit Server VM (25.111-b14 mixed mode windows-amd64 compressed oops)
# Problematic frame:
# C  [ntdll.dll+0x4eef1]
#
# Failed to write core dump. Minidumps are not enabled by default on client versions of Windows
#
# If you would like to submit a bug report, please visit:
#   http://bugreport.java.com/bugreport/crash.jsp
# The crash happened outside the Java Virtual Machine in native code.
# See problematic frame for where to report the bug.
#

---------------  T H R E A D  ---------------

Current thread (0x000000001becb000):  JavaThread "Finalizer" daemon [_thread_in_native, id=4936, stack(0x000000001cea0000,0x000000001cfa0000)]

siginfo: ExceptionCode=0xc0000005, reading address 0x000006816e196488

Registers:
RAX=0x0000005d33303939, RBX=0x000006816e196480, RCX=0x000000ffffffffff, RDX=0x0000000000000000
RSP=0x000000001cf9f200, RBP=0x0000000000273420, RSI=0x0000000000000000, RDI=0x0000000000000000
R8 =0x0000000000273410, R9 =0x00000006c9c7aab8, R10=0x00000000028d7908, R11=0x0000000068e8b580
R12=0x0000000000200000, R13=0x0000000025f88340, R14=0x000000001cf9f3b0, R15=0x000000001becb000
RIP=0x000000007706eef1, EFLAGS=0x0000000000010212

Top of Stack: (sp=0x000000001cf9f200)
0x000000001cf9f200:   000000001b864ed0 00000000028d35f1
0x000000001cf9f210:   0000000025f5e528 0000000068d1a598
0x000000001cf9f220:   000000001be846f0 000000001becb000
0x000000001cf9f230:   0000000000000000 000000001cf9f238
0x000000001cf9f240:   000000001becb000 000000001cf9f3b0
0x000000001cf9f250:   0000000000000000 00000007c042f048
0x000000001cf9f260:   00000006c9c7aab8 000000001cf9f388
0x000000001cf9f270:   0000000025f88340 0000000076f21a0a
0x000000001cf9f280:   0000000002a8c6dc 0000000025f88340
0x000000001cf9f290:   00000006c9c7aa40 0000000002a8c6dc
0x000000001cf9f2a0:   000000001cf9f340 000007fef83ef398
0x000000001cf9f2b0:   000000001cf9f3a8 000000001cf9f3f8
0x000000001cf9f2c0:   000000001cf9f3b8 000000001becb000
0x000000001cf9f2d0:   0000000025f88340 000007fef83d595d
0x000000001cf9f2e0:   000000001cf9f340 00000000028c7b30
0x000000001cf9f2f0:   0000000000000000 0000000000000000 

Instructions: (pc=0x000000007706eef1)
0x000000007706eed1:   ff ff 00 00 00 49 33 dc 48 23 c1 48 c1 eb 04 48
0x000000007706eee1:   33 d8 48 33 1d de f4 0c 00 48 c1 e3 04 0f 0d 0b
0x000000007706eef1:   48 8b 7b 08 49 bd 01 00 00 00 01 00 00 00 49 be
0x000000007706ef01:   ff 7f 00 00 ff ff ff ff 41 c6 40 0f 80 41 88 70 


Register to memory mapping:

RAX=0x0000005d33303939 is an unknown value
RBX=0x000006816e196480 is an unknown value
RCX=0x000000ffffffffff is an unknown value
RDX=0x0000000000000000 is an unknown value
RSP=0x000000001cf9f200 is pointing into the stack for thread: 0x000000001becb000
RBP=0x0000000000273420 is an unknown value
RSI=0x0000000000000000 is an unknown value
RDI=0x0000000000000000 is an unknown value
R8 =0x0000000000273410 is an unknown value
R9 =0x00000006c9c7aab8 is an oop
com.sun.jna.Memory 
 - klass: 'com/sun/jna/Memory'
R10=0x00000000028d7908 is at code_begin+840 in an Interpreter codelet
method entry point (kind = native)  [0x00000000028d75c0, 0x00000000028d7f20]  2400 bytes
R11=0x0000000068e8b580 is an unknown value
R12=0x0000000000200000 is an unknown value
R13={method} {0x0000000025f88348} 'free' '(J)V' in 'com/sun/jna/Native'
R14=0x000000001cf9f3b0 is pointing into the stack for thread: 0x000000001becb000
R15=0x000000001becb000 is a thread


Stack: [0x000000001cea0000,0x000000001cfa0000],  sp=0x000000001cf9f200,  free space=1020k
Native frames: (J=compiled Java code, j=interpreted, Vv=VM code, C=native code)
C  [ntdll.dll+0x4eef1]
C  [kernel32.dll+0x21a0a]
C  [jna6331292039744331362.dll+0x1f398]
C  [jna6331292039744331362.dll+0x595d]
C  0x00000000028d7934

Java frames: (J=compiled Java code, j=interpreted, Vv=VM code)
j  com.sun.jna.Native.free(J)V+0
j  com.sun.jna.Memory.free(J)V+7
j  com.sun.jna.Memory.dispose()V+4
j  com.sun.jna.Memory.finalize()V+1
J 1080 C1 java.lang.ref.Finalizer.runFinalizer(Lsun/misc/JavaLangAccess;)V (62 bytes) @ 0x0000000002ca8e54 [0x0000000002ca88c0+0x594]
J 1079 C1 java.lang.ref.Finalizer.access$100(Ljava/lang/ref/Finalizer;Lsun/misc/JavaLangAccess;)V (6 bytes) @ 0x0000000002ca649c [0x0000000002ca6440+0x5c]
j  java.lang.ref.Finalizer$FinalizerThread.run()V+45
v  ~StubRoutines::call_stub

---------------  P R O C E S S  ---------------

Java Threads: ( => current thread )
  0x000000001f977000 JavaThread "RMI Scheduler(0)" daemon [_thread_blocked, id=6104, stack(0x00000000255a0000,0x00000000256a0000)]
  0x000000001f976000 JavaThread "RMI TCP Connection(1)-127.0.0.1" daemon [_thread_in_native, id=5212, stack(0x0000000026260000,0x0000000026360000)]
  0x000000001f975800 JavaThread "DestroyJavaVM" [_thread_blocked, id=5392, stack(0x00000000027c0000,0x00000000028c0000)]
  0x000000001f974800 JavaThread "http-nio-8080-AsyncTimeout" daemon [_thread_blocked, id=6016, stack(0x0000000025bc0000,0x0000000025cc0000)]
  0x000000001f974000 JavaThread "http-nio-8080-Acceptor-0" daemon [_thread_in_native, id=5888, stack(0x0000000025a40000,0x0000000025b40000)]
  0x000000001f973000 JavaThread "http-nio-8080-ClientPoller-1" daemon [_thread_in_native, id=5152, stack(0x0000000025290000,0x0000000025390000)]
  0x000000002028a000 JavaThread "http-nio-8080-ClientPoller-0" daemon [_thread_in_native, id=4988, stack(0x0000000025920000,0x0000000025a20000)]
  0x0000000020289800 JavaThread "http-nio-8080-exec-10" daemon [_thread_blocked, id=4160, stack(0x00000000256b0000,0x00000000257b0000)]
  0x0000000020288800 JavaThread "http-nio-8080-exec-9" daemon [_thread_blocked, id=1532, stack(0x00000000254a0000,0x00000000255a0000)]
  0x0000000020288000 JavaThread "http-nio-8080-exec-8" daemon [_thread_blocked, id=5772, stack(0x0000000025390000,0x0000000025490000)]
  0x0000000020287000 JavaThread "http-nio-8080-exec-7" daemon [_thread_blocked, id=5132, stack(0x0000000025180000,0x0000000025280000)]
  0x0000000020286800 JavaThread "http-nio-8080-exec-6" daemon [_thread_blocked, id=6088, stack(0x0000000025070000,0x0000000025170000)]
  0x0000000020285800 JavaThread "http-nio-8080-exec-5" daemon [_thread_blocked, id=5852, stack(0x000000001d7d0000,0x000000001d8d0000)]
  0x0000000020285000 JavaThread "http-nio-8080-exec-4" daemon [_thread_blocked, id=4360, stack(0x0000000024ea0000,0x0000000024fa0000)]
  0x0000000020284000 JavaThread "http-nio-8080-exec-3" daemon [_thread_blocked, id=4916, stack(0x0000000024da0000,0x0000000024ea0000)]
  0x0000000020283800 JavaThread "http-nio-8080-exec-2" daemon [_thread_blocked, id=3644, stack(0x0000000024b00000,0x0000000024c00000)]
  0x000000002002d800 JavaThread "http-nio-8080-exec-1" daemon [_thread_blocked, id=5700, stack(0x0000000024c60000,0x0000000024d60000)]
  0x0000000020668000 JavaThread "NioBlockingSelector.BlockPoller-1" daemon [_thread_in_native, id=4724, stack(0x00000000249a0000,0x0000000024aa0000)]
  0x0000000020031800 JavaThread "container-0" [_thread_blocked, id=3976, stack(0x0000000023330000,0x0000000023430000)]
  0x0000000020030800 JavaThread "ContainerBackgroundProcessor[StandardEngine[Tomcat]]" daemon [_thread_blocked, id=2752, stack(0x0000000023210000,0x0000000023310000)]
  0x000000001e3f3000 JavaThread "RMI TCP Accept-0" daemon [_thread_in_native, id=5572, stack(0x000000001ecc0000,0x000000001edc0000)]
  0x000000001e3a8000 JavaThread "RMI TCP Accept-51529" daemon [_thread_in_native, id=2772, stack(0x000000001eba0000,0x000000001eca0000)]
  0x000000001e395800 JavaThread "RMI TCP Accept-0" daemon [_thread_in_native, id=5592, stack(0x000000001e1d0000,0x000000001e2d0000)]
  0x000000001beef800 JavaThread "Service Thread" daemon [_thread_blocked, id=5824, stack(0x000000001dbd0000,0x000000001dcd0000)]
  0x000000001beec800 JavaThread "C1 CompilerThread2" daemon [_thread_blocked, id=4720, stack(0x000000001d3c0000,0x000000001d4c0000)]
  0x000000001beeb800 JavaThread "C2 CompilerThread1" daemon [_thread_blocked, id=6140, stack(0x000000001da60000,0x000000001db60000)]
  0x000000001cfb1800 JavaThread "C2 CompilerThread0" daemon [_thread_in_native, id=4108, stack(0x000000001d8e0000,0x000000001d9e0000)]
  0x000000001cfb0000 JavaThread "Attach Listener" daemon [_thread_blocked, id=3324, stack(0x000000001d6d0000,0x000000001d7d0000)]
  0x000000001cfad000 JavaThread "Signal Dispatcher" daemon [_thread_blocked, id=4948, stack(0x000000001d4d0000,0x000000001d5d0000)]
=>0x000000001becb000 JavaThread "Finalizer" daemon [_thread_in_native, id=4936, stack(0x000000001cea0000,0x000000001cfa0000)]
  0x000000001be83800 JavaThread "Reference Handler" daemon [_thread_blocked, id=6064, stack(0x000000001cc00000,0x000000001cd00000)]

Other Threads:
  0x000000001be7c000 VMThread [stack: 0x000000001cd10000,0x000000001ce10000] [id=4236]
  0x000000001e3f8800 WatcherThread [stack: 0x000000001eea0000,0x000000001efa0000] [id=5952]

VM state:not at safepoint (normal execution)

VM Mutex/Monitor currently owned by a thread: None

Heap:
 PSYoungGen      total 172032K, used 3655K [0x000000076d900000, 0x000000077ad80000, 0x00000007c0000000)
  eden space 156672K, 2% used [0x000000076d900000,0x000000076dc91f50,0x0000000777200000)
  from space 15360K, 0% used [0x0000000778180000,0x0000000778180000,0x0000000779080000)
  to   space 15872K, 0% used [0x0000000777200000,0x0000000777200000,0x0000000778180000)
 ParOldGen       total 145920K, used 19227K [0x00000006c8a00000, 0x00000006d1880000, 0x000000076d900000)
  object space 145920K, 13% used [0x00000006c8a00000,0x00000006c9cc6db0,0x00000006d1880000)
 Metaspace       used 34809K, capacity 35478K, committed 35712K, reserved 1081344K
  class space    used 4287K, capacity 4428K, committed 4480K, reserved 1048576K

Card table byte_map: [0x0000000011c80000,0x0000000012440000] byte_map_base: 0x000000000e63b000

Marking Bits: (ParMarkBitMap*) 0x000000006947a6c0
 Begin Bits: [0x0000000013180000, 0x0000000016f58000)
 End Bits:   [0x0000000016f58000, 0x000000001ad30000)

Polling page: 0x0000000000420000

CodeCache: size=245760Kb used=13297Kb max_used=13435Kb free=232462Kb
 bounds [0x00000000028c0000, 0x00000000035f0000, 0x00000000118c0000]
 total_blobs=4479 nmethods=4031 adapters=361
 compilation: enabled

Compilation events (10 events):
Event: 86.568 Thread 0x000000001beec800 nmethod 4569 0x0000000002c2f1d0 code [0x0000000002c2f360, 0x0000000002c2f6f8]
Event: 86.568 Thread 0x000000001beec800 4570       3       sun.nio.ch.SelectionKeyImpl::nioInterestOps (40 bytes)
Event: 86.569 Thread 0x000000001beec800 nmethod 4570 0x0000000002f826d0 code [0x0000000002f82880, 0x0000000002f82de8]
Event: 86.574 Thread 0x000000001beec800 4571       3       sun.nio.ch.SelectionKeyImpl::interestOps (9 bytes)
Event: 86.574 Thread 0x000000001beec800 nmethod 4571 0x0000000002f4fa90 code [0x0000000002f4fc00, 0x0000000002f4ff48]
Event: 86.640 Thread 0x000000001beec800 4572       3       java.util.concurrent.CountDownLatch$Sync::tryReleaseShared (37 bytes)
Event: 86.640 Thread 0x000000001beec800 nmethod 4572 0x00000000030941d0 code [0x0000000003094340, 0x0000000003094770]
Event: 86.646 Thread 0x000000001beec800 4573       3       java.util.concurrent.locks.AbstractQueuedSynchronizer::shouldParkAfterFailedAcquire (50 bytes)
Event: 86.646 Thread 0x000000001beec800 nmethod 4573 0x0000000003093b90 code [0x0000000003093d00, 0x0000000003094050]
Event: 91.749 Thread 0x000000001beeb800 4574   !   4       java.lang.ref.Reference::tryHandlePending (115 bytes)

GC Heap History (10 events):
Event: 3.690 GC heap before
{Heap before GC invocations=4 (full 1):
 PSYoungGen      total 74240K, used 7947K [0x000000076d900000, 0x0000000776a00000, 0x00000007c0000000)
  eden space 64000K, 0% used [0x000000076d900000,0x000000076d900000,0x0000000771780000)
  from space 10240K, 77% used [0x0000000771780000,0x0000000771f42fd8,0x0000000772180000)
  to   space 10240K, 0% used [0x0000000776000000,0x0000000776000000,0x0000000776a00000)
 ParOldGen       total 169472K, used 477K [0x00000006c8a00000, 0x00000006d2f80000, 0x000000076d900000)
  object space 169472K, 0% used [0x00000006c8a00000,0x00000006c8a777e8,0x00000006d2f80000)
 Metaspace       used 20893K, capacity 21184K, committed 21296K, reserved 1069056K
  class space    used 2585K, capacity 2677K, committed 2688K, reserved 1048576K
Event: 3.818 GC heap after
Heap after GC invocations=4 (full 1):
 PSYoungGen      total 74240K, used 0K [0x000000076d900000, 0x0000000776a00000, 0x00000007c0000000)
  eden space 64000K, 0% used [0x000000076d900000,0x000000076d900000,0x0000000771780000)
  from space 10240K, 0% used [0x0000000771780000,0x0000000771780000,0x0000000772180000)
  to   space 10240K, 0% used [0x0000000776000000,0x0000000776000000,0x0000000776a00000)
 ParOldGen       total 97280K, used 7919K [0x00000006c8a00000, 0x00000006ce900000, 0x000000076d900000)
  object space 97280K, 8% used [0x00000006c8a00000,0x00000006c91bbee0,0x00000006ce900000)
 Metaspace       used 20893K, capacity 21184K, committed 21296K, reserved 1069056K
  class space    used 2585K, capacity 2677K, committed 2688K, reserved 1048576K
}
Event: 5.400 GC heap before
{Heap before GC invocations=5 (full 1):
 PSYoungGen      total 74240K, used 64000K [0x000000076d900000, 0x0000000776a00000, 0x00000007c0000000)
  eden space 64000K, 100% used [0x000000076d900000,0x0000000771780000,0x0000000771780000)
  from space 10240K, 0% used [0x0000000771780000,0x0000000771780000,0x0000000772180000)
  to   space 10240K, 0% used [0x0000000776000000,0x0000000776000000,0x0000000776a00000)
 ParOldGen       total 97280K, used 7919K [0x00000006c8a00000, 0x00000006ce900000, 0x000000076d900000)
  object space 97280K, 8% used [0x00000006c8a00000,0x00000006c91bbee0,0x00000006ce900000)
 Metaspace       used 25893K, capacity 26244K, committed 26496K, reserved 1073152K
  class space    used 3258K, capacity 3355K, committed 3456K, reserved 1048576K
Event: 5.443 GC heap after
Heap after GC invocations=5 (full 1):
 PSYoungGen      total 110592K, used 8453K [0x000000076d900000, 0x0000000776880000, 0x00000007c0000000)
  eden space 101888K, 0% used [0x000000076d900000,0x000000076d900000,0x0000000773c80000)
  from space 8704K, 97% used [0x0000000776000000,0x0000000776841598,0x0000000776880000)
  to   space 10240K, 0% used [0x0000000775480000,0x0000000775480000,0x0000000775e80000)
 ParOldGen       total 97280K, used 7927K [0x00000006c8a00000, 0x00000006ce900000, 0x000000076d900000)
  object space 97280K, 8% used [0x00000006c8a00000,0x00000006c91bdee0,0x00000006ce900000)
 Metaspace       used 25893K, capacity 26244K, committed 26496K, reserved 1073152K
  class space    used 3258K, capacity 3355K, committed 3456K, reserved 1048576K
}
Event: 7.693 GC heap before
{Heap before GC invocations=6 (full 1):
 PSYoungGen      total 110592K, used 110341K [0x000000076d900000, 0x0000000776880000, 0x00000007c0000000)
  eden space 101888K, 100% used [0x000000076d900000,0x0000000773c80000,0x0000000773c80000)
  from space 8704K, 97% used [0x0000000776000000,0x0000000776841598,0x0000000776880000)
  to   space 10240K, 0% used [0x0000000775480000,0x0000000775480000,0x0000000775e80000)
 ParOldGen       total 97280K, used 7927K [0x00000006c8a00000, 0x00000006ce900000, 0x000000076d900000)
  object space 97280K, 8% used [0x00000006c8a00000,0x00000006c91bdee0,0x00000006ce900000)
 Metaspace       used 30124K, capacity 30510K, committed 30848K, reserved 1077248K
  class space    used 3780K, capacity 3886K, committed 3968K, reserved 1048576K
Event: 7.723 GC heap after
Heap after GC invocations=6 (full 1):
 PSYoungGen      total 136704K, used 10209K [0x000000076d900000, 0x0000000779080000, 0x00000007c0000000)
  eden space 126464K, 0% used [0x000000076d900000,0x000000076d900000,0x0000000775480000)
  from space 10240K, 99% used [0x0000000775480000,0x0000000775e78580,0x0000000775e80000)
  to   space 15360K, 0% used [0x0000000778180000,0x0000000778180000,0x0000000779080000)
 ParOldGen       total 97280K, used 13372K [0x00000006c8a00000, 0x00000006ce900000, 0x000000076d900000)
  object space 97280K, 13% used [0x00000006c8a00000,0x00000006c970f2a8,0x00000006ce900000)
 Metaspace       used 30124K, capacity 30510K, committed 30848K, reserved 1077248K
  class space    used 3780K, capacity 3886K, committed 3968K, reserved 1048576K
}
Event: 91.533 GC heap before
{Heap before GC invocations=7 (full 1):
 PSYoungGen      total 136704K, used 131615K [0x000000076d900000, 0x0000000779080000, 0x00000007c0000000)
  eden space 126464K, 96% used [0x000000076d900000,0x0000000774f8f750,0x0000000775480000)
  from space 10240K, 99% used [0x0000000775480000,0x0000000775e78580,0x0000000775e80000)
  to   space 15360K, 0% used [0x0000000778180000,0x0000000778180000,0x0000000779080000)
 ParOldGen       total 97280K, used 13372K [0x00000006c8a00000, 0x00000006ce900000, 0x000000076d900000)
  object space 97280K, 13% used [0x00000006c8a00000,0x00000006c970f2a8,0x00000006ce900000)
 Metaspace       used 34659K, capacity 35340K, committed 35456K, reserved 1081344K
  class space    used 4264K, capacity 4425K, committed 4480K, reserved 1048576K
Event: 91.573 GC heap after
Heap after GC invocations=7 (full 1):
 PSYoungGen      total 172032K, used 12772K [0x000000076d900000, 0x000000077ad80000, 0x00000007c0000000)
  eden space 156672K, 0% used [0x000000076d900000,0x000000076d900000,0x0000000777200000)
  from space 15360K, 83% used [0x0000000778180000,0x0000000778df9040,0x0000000779080000)
  to   space 15872K, 0% used [0x0000000777200000,0x0000000777200000,0x0000000778180000)
 ParOldGen       total 97280K, used 13380K [0x00000006c8a00000, 0x00000006ce900000, 0x000000076d900000)
  object space 97280K, 13% used [0x00000006c8a00000,0x00000006c97112a8,0x00000006ce900000)
 Metaspace       used 34659K, capacity 35340K, committed 35456K, reserved 1081344K
  class space    used 4264K, capacity 4425K, committed 4480K, reserved 1048576K
}
Event: 91.573 GC heap before
{Heap before GC invocations=8 (full 2):
 PSYoungGen      total 172032K, used 12772K [0x000000076d900000, 0x000000077ad80000, 0x00000007c0000000)
  eden space 156672K, 0% used [0x000000076d900000,0x000000076d900000,0x0000000777200000)
  from space 15360K, 83% used [0x0000000778180000,0x0000000778df9040,0x0000000779080000)
  to   space 15872K, 0% used [0x0000000777200000,0x0000000777200000,0x0000000778180000)
 ParOldGen       total 97280K, used 13380K [0x00000006c8a00000, 0x00000006ce900000, 0x000000076d900000)
  object space 97280K, 13% used [0x00000006c8a00000,0x00000006c97112a8,0x00000006ce900000)
 Metaspace       used 34659K, capacity 35340K, committed 35456K, reserved 1081344K
  class space    used 4264K, capacity 4425K, committed 4480K, reserved 1048576K
Event: 91.749 GC heap after
Heap after GC invocations=8 (full 2):
 PSYoungGen      total 172032K, used 0K [0x000000076d900000, 0x000000077ad80000, 0x00000007c0000000)
  eden space 156672K, 0% used [0x000000076d900000,0x000000076d900000,0x0000000777200000)
  from space 15360K, 0% used [0x0000000778180000,0x0000000778180000,0x0000000779080000)
  to   space 15872K, 0% used [0x0000000777200000,0x0000000777200000,0x0000000778180000)
 ParOldGen       total 145920K, used 19227K [0x00000006c8a00000, 0x00000006d1880000, 0x000000076d900000)
  object space 145920K, 13% used [0x00000006c8a00000,0x00000006c9cc6db0,0x00000006d1880000)
 Metaspace       used 34659K, capacity 35340K, committed 35456K, reserved 1081344K
  class space    used 4264K, capacity 4425K, committed 4480K, reserved 1048576K
}

Deoptimization events (10 events):
Event: 38.932 Thread 0x0000000020284000 Uncommon trap: reason=unstable_if action=reinterpret pc=0x00000000031c1f58 method=com.fasterxml.jackson.core.json.JsonWriteContext.createChildObjectContext()Lcom/fasterxml/jackson/core/json/JsonWriteContext; @ 6
Event: 38.933 Thread 0x0000000020284000 Uncommon trap: reason=unstable_if action=reinterpret pc=0x00000000031bfff0 method=com.fasterxml.jackson.core.json.JsonWriteContext.createChildObjectContext()Lcom/fasterxml/jackson/core/json/JsonWriteContext; @ 6
Event: 38.933 Thread 0x0000000020284000 Uncommon trap: reason=unstable_if action=reinterpret pc=0x00000000031312b8 method=com.fasterxml.jackson.core.io.NumberOutput.outputInt(I[BI)I @ 44
Event: 38.933 Thread 0x0000000020284000 Uncommon trap: reason=unstable_if action=reinterpret pc=0x000000000312fe3c method=com.fasterxml.jackson.core.io.NumberOutput.outputInt(I[BI)I @ 44
Event: 91.532 Thread 0x000000001f976000 Uncommon trap: reason=bimorphic action=maybe_recompile pc=0x00000000031563b4 method=java.io.DataOutputStream.writeByte(I)V @ 5
Event: 91.532 Thread 0x000000001f976000 Uncommon trap: reason=class_check action=maybe_recompile pc=0x0000000002d2cb54 method=java.io.BufferedOutputStream.flushBuffer()V @ 20
Event: 91.750 Thread 0x000000001becb000 Uncommon trap: reason=class_check action=maybe_recompile pc=0x0000000003158794 method=java.util.WeakHashMap.eq(Ljava/lang/Object;Ljava/lang/Object;)Z @ 7
Event: 91.750 Thread 0x000000001becb000 Uncommon trap: reason=class_check action=maybe_recompile pc=0x0000000003158794 method=java.util.WeakHashMap.eq(Ljava/lang/Object;Ljava/lang/Object;)Z @ 7
Event: 91.750 Thread 0x000000001becb000 Uncommon trap: reason=class_check action=maybe_recompile pc=0x0000000003158794 method=java.util.WeakHashMap.eq(Ljava/lang/Object;Ljava/lang/Object;)Z @ 7
Event: 91.750 Thread 0x000000001becb000 Uncommon trap: reason=class_check action=maybe_recompile pc=0x0000000003158794 method=java.util.WeakHashMap.eq(Ljava/lang/Object;Ljava/lang/Object;)Z @ 7

Internal exceptions (10 events):
Event: 30.833 Thread 0x0000000020287000 Exception <a 'java/lang/ClassNotFoundException': org/springframework/web/servlet/FlashMapManagerCustomizer> (0x0000000771874160) thrown at [C:\re\workspace\8-2-build-windows-amd64-cygwin\jdk8u111\7883\hotspot\src\share\vm\classfile\systemDictionary.cpp, l
Event: 30.895 Thread 0x0000000020287000 Implicit null exception at 0x00000000034313c6 to 0x000000000343a011
Event: 31.452 Thread 0x0000000020287000 Exception <a 'java/io/FileNotFoundException'> (0x0000000772364ed8) thrown at [C:\re\workspace\8-2-build-windows-amd64-cygwin\jdk8u111\7883\hotspot\src\share\vm\prims\jni.cpp, line 709]
Event: 31.452 Thread 0x0000000020287000 Exception <a 'java/io/FileNotFoundException'> (0x00000007723668d8) thrown at [C:\re\workspace\8-2-build-windows-amd64-cygwin\jdk8u111\7883\hotspot\src\share\vm\prims\jni.cpp, line 709]
Event: 32.367 Thread 0x0000000020287000 Exception <a 'java/io/IOException'> (0x0000000772efe8a0) thrown at [C:\re\workspace\8-2-build-windows-amd64-cygwin\jdk8u111\7883\hotspot\src\share\vm\prims\jni.cpp, line 709]
Event: 38.932 Thread 0x0000000020284000 Implicit null exception at 0x00000000031c19aa to 0x00000000031c1f3d
Event: 38.933 Thread 0x0000000020284000 Implicit null exception at 0x00000000031bfde3 to 0x00000000031bffd5
Event: 39.482 Thread 0x0000000020284000 Exception <a 'java/io/IOException'> (0x000000077391d7e0) thrown at [C:\re\workspace\8-2-build-windows-amd64-cygwin\jdk8u111\7883\hotspot\src\share\vm\prims\jni.cpp, line 709]
Event: 54.505 Thread 0x0000000020288800 Exception <a 'java/io/IOException'> (0x00000007742f98c0) thrown at [C:\re\workspace\8-2-build-windows-amd64-cygwin\jdk8u111\7883\hotspot\src\share\vm\prims\jni.cpp, line 709]
Event: 86.831 Thread 0x0000000020285800 Exception <a 'java/io/IOException'> (0x0000000774ce4358) thrown at [C:\re\workspace\8-2-build-windows-amd64-cygwin\jdk8u111\7883\hotspot\src\share\vm\prims\jni.cpp, line 709]

Events (10 events):
Event: 91.750 Thread 0x000000001becb000 DEOPT PACKING pc=0x0000000003158794 sp=0x000000001cf9f310
Event: 91.750 Thread 0x000000001becb000 DEOPT UNPACKING pc=0x000000000290582a sp=0x000000001cf9f258 mode 2
Event: 91.750 loading class sun/rmi/transport/ConnectionInputStream
Event: 91.750 loading class sun/rmi/server/MarshalInputStream
Event: 91.750 loading class sun/rmi/server/MarshalInputStream done
Event: 91.750 loading class sun/rmi/transport/ConnectionInputStream done
Event: 91.751 loading class sun/misc/ObjectStreamClassValidator
Event: 91.751 loading class sun/misc/ObjectStreamClassValidator done
Event: 91.752 loading class sun/misc/JavaObjectInputStreamAccess
Event: 91.752 loading class sun/misc/JavaObjectInputStreamAccess done


Dynamic libraries:
0x000000013f900000 - 0x000000013f937000 	C:\Program Files\Java\jre1.8.0_111\bin\javaw.exe
0x0000000077020000 - 0x00000000771cb000 	C:\Windows\SYSTEM32\ntdll.dll
0x0000000076f00000 - 0x000000007701f000 	C:\Windows\system32\kernel32.dll
0x000007fefd290000 - 0x000007fefd2fa000 	C:\Windows\system32\KERNELBASE.dll
0x000007feff0f0000 - 0x000007feff1cb000 	C:\Windows\system32\ADVAPI32.dll
0x000007fefea70000 - 0x000007fefeb0f000 	C:\Windows\system32\msvcrt.dll
0x000007fefed30000 - 0x000007fefed4f000 	C:\Windows\SYSTEM32\sechost.dll
0x000007fefd570000 - 0x000007fefd69d000 	C:\Windows\system32\RPCRT4.dll
0x0000000076e00000 - 0x0000000076efa000 	C:\Windows\system32\USER32.dll
0x000007fefeb10000 - 0x000007fefeb77000 	C:\Windows\system32\GDI32.dll
0x000007feff0e0000 - 0x000007feff0ee000 	C:\Windows\system32\LPK.dll
0x000007fefdbb0000 - 0x000007fefdc7a000 	C:\Windows\system32\USP10.dll
0x000007fefb710000 - 0x000007fefb904000 	C:\Windows\WinSxS\amd64_microsoft.windows.common-controls_6595b64144ccf1df_6.0.7601.23403_none_e36ad4593102f066\COMCTL32.dll
0x000007feff060000 - 0x000007feff0d1000 	C:\Windows\system32\SHLWAPI.dll
0x000007fefed00000 - 0x000007fefed2e000 	C:\Windows\system32\IMM32.DLL
0x000007fefef50000 - 0x000007feff059000 	C:\Windows\system32\MSCTF.dll
0x0000000069960000 - 0x0000000069a32000 	C:\Program Files\Java\jre1.8.0_111\bin\msvcr100.dll
0x0000000068c60000 - 0x00000000694fa000 	C:\Program Files\Java\jre1.8.0_111\bin\server\jvm.dll
0x000007fef71e0000 - 0x000007fef71e9000 	C:\Windows\system32\WSOCK32.dll
0x000007fefeb80000 - 0x000007fefebcd000 	C:\Windows\system32\WS2_32.dll
0x000007fefd560000 - 0x000007fefd568000 	C:\Windows\system32\NSI.dll
0x000007fefa310000 - 0x000007fefa34b000 	C:\Windows\system32\WINMM.dll
0x000007fefbf20000 - 0x000007fefbf2c000 	C:\Windows\system32\VERSION.dll
0x00000000771f0000 - 0x00000000771f7000 	C:\Windows\system32\PSAPI.DLL
0x0000000073d20000 - 0x0000000073d2f000 	C:\Program Files\Java\jre1.8.0_111\bin\verify.dll
0x0000000073cf0000 - 0x0000000073d19000 	C:\Program Files\Java\jre1.8.0_111\bin\java.dll
0x0000000073cd0000 - 0x0000000073ce6000 	C:\Program Files\Java\jre1.8.0_111\bin\zip.dll
0x000007fefdce0000 - 0x000007fefea6c000 	C:\Windows\system32\SHELL32.dll
0x000007fefd6a0000 - 0x000007fefd8a3000 	C:\Windows\system32\ole32.dll
0x000007fefcf70000 - 0x000007fefcf7f000 	C:\Windows\system32\profapi.dll
0x0000000070150000 - 0x000000007015d000 	C:\Program Files\Java\jre1.8.0_111\bin\management.dll
0x0000000073cb0000 - 0x0000000073cca000 	C:\Program Files\Java\jre1.8.0_111\bin\net.dll
0x000007fefc7a0000 - 0x000007fefc7f5000 	C:\Windows\system32\mswsock.dll
0x000007fefc790000 - 0x000007fefc797000 	C:\Windows\System32\wship6.dll
0x0000000073c90000 - 0x0000000073ca1000 	C:\Program Files\Java\jre1.8.0_111\bin\nio.dll
0x000007fefa350000 - 0x000007fefa365000 	C:\Windows\system32\NLAapi.dll
0x000007fee65c0000 - 0x000007fee65d5000 	C:\Windows\system32\napinsp.dll
0x000007fee64a0000 - 0x000007fee64b9000 	C:\Windows\system32\pnrpnsp.dll
0x000007fefc620000 - 0x000007fefc67b000 	C:\Windows\system32\DNSAPI.dll
0x000007fee6460000 - 0x000007fee646b000 	C:\Windows\System32\winrnr.dll
0x000007fefbff0000 - 0x000007fefbff7000 	C:\Windows\System32\wshtcpip.dll
0x000007fef9bc0000 - 0x000007fef9be7000 	C:\Windows\system32\IPHLPAPI.DLL
0x000007fef9ba0000 - 0x000007fef9bab000 	C:\Windows\system32\WINNSI.DLL
0x000007fef3560000 - 0x000007fef3568000 	C:\Windows\system32\rasadhlp.dll
0x000007fef9a50000 - 0x000007fef9aa3000 	C:\Windows\System32\fwpuclnt.dll
0x000007fefc840000 - 0x000007fefc858000 	C:\Windows\system32\CRYPTSP.dll
0x000007fefc4e0000 - 0x000007fefc527000 	C:\Windows\system32\rsaenh.dll
0x000007fefc5d0000 - 0x000007fefc5ef000 	C:\Windows\system32\USERENV.dll
0x000007fefcea0000 - 0x000007fefceaf000 	C:\Windows\system32\CRYPTBASE.dll
0x000007fef99b0000 - 0x000007fef99c1000 	C:\Windows\system32\dhcpcsvc6.DLL
0x000007fef9990000 - 0x000007fef99a8000 	C:\Windows\system32\dhcpcsvc.DLL
0x000007fef83d0000 - 0x000007fef8412000 	X:\TEMPFILES\USER\jna-1706887450\jna6331292039744331362.dll
0x000007fef7b60000 - 0x000007fef7b63000 	C:\Windows\system32\api-ms-win-core-synch-l1-2-0.DLL
0x000007fedbcb0000 - 0x000007fedbdd5000 	C:\Windows\system32\dbghelp.dll

VM Arguments:
jvm_args: -Dcom.sun.management.jmxremote -Dcom.sun.management.jmxremote.port=51529 -Dcom.sun.management.jmxremote.authenticate=false -Dcom.sun.management.jmxremote.ssl=false -Dspring.liveBeansView.mbeanDomain -Dspring.application.admin.enabled=true -Dfile.encoding=UTF-8 
java_command: sample.execute.Application --spring.output.ansi.enabled=always
java_class_path (initial): X:\gs-spring-boot-complete\target\classes;C:\Users\RAZARUS\.m2\repository\org\springframework\boot\spring-boot-starter-web\1.4.7.RELEASE\spring-boot-starter-web-1.4.7.RELEASE.jar;C:\Users\RAZARUS\.m2\repository\org\springframework\boot\spring-boot-starter\1.4.7.RELEASE\spring-boot-starter-1.4.7.RELEASE.jar;C:\Users\RAZARUS\.m2\repository\org\springframework\boot\spring-boot\1.4.7.RELEASE\spring-boot-1.4.7.RELEASE.jar;C:\Users\RAZARUS\.m2\repository\org\springframework\boot\spring-boot-autoconfigure\1.4.7.RELEASE\spring-boot-autoconfigure-1.4.7.RELEASE.jar;C:\Users\RAZARUS\.m2\repository\org\springframework\boot\spring-boot-starter-logging\1.4.7.RELEASE\spring-boot-starter-logging-1.4.7.RELEASE.jar;C:\Users\RAZARUS\.m2\repository\ch\qos\logback\logback-classic\1.1.11\logback-classic-1.1.11.jar;C:\Users\RAZARUS\.m2\repository\ch\qos\logback\logback-core\1.1.11\logback-core-1.1.11.jar;C:\Users\RAZARUS\.m2\repository\org\slf4j\jcl-over-slf4j\1.7.25\jcl-over-slf4j-1.7.25.jar;C:\Users\RAZARUS\.m2\repository\org\slf4j\jul-to-slf4j\1.7.25\jul-to-slf4j-1.7.25.jar;C:\Users\RAZARUS\.m2\repository\org\slf4j\log4j-over-slf4j\1.7.25\log4j-over-slf4j-1.7.25.jar;C:\Users\RAZARUS\.m2\repository\org\yaml\snakeyaml\1.17\snakeyaml-1.17.jar;C:\Users\RAZARUS\.m2\repository\org\springframework\boot\spring-boot-starter-tomcat\1.4.7.RELEASE\spring-boot-starter-tomcat-1.4.7.RELEASE.jar;C:\Users\RAZARUS\.m2\repository\org\apache\tomcat\embed\tomcat-embed-core\8.5.15\tomcat-embed-core-8.5.15.jar;C:\Users\RAZARUS\.m2\repository\org\apache\tomcat\embed\tomcat-embed-el\8.5.15\tomcat-embed-el-8.5.15.jar;C:\Users\RAZARUS\.m2\repository\org\apache\tomcat\embed\tomcat-embed-websocket\8.5.15\tomcat-embed-websocket-8.5.15.jar;C:\Users\RAZARUS\.m2\repository\org\hibernate\hibernate-validator\5.2.5.Final\hibernate-validator-5.2.5.Final.jar;C:\Users\RAZARUS\.m2\repository\javax\validation\validation-api\1.1.0.Final\validation-api-1.1.0.Final.jar;C:\Users\RAZARUS\.m2\repository
Launcher Type: SUN_STANDARD

Environment Variables:
JAVA_HOME=C:\Program Files\Java\jdk1.8.0_111
PATH=C:/Program Files/Java/jre1.8.0_111/bin/server;C:/Program Files/Java/jre1.8.0_111/bin;C:/Program Files/Java/jre1.8.0_111/lib/amd64;C:\ProgramData\Oracle\Java\javapath;C:\Program Files (x86)\AMD APP\bin\x86_64;C:\Program Files (x86)\AMD APP\bin\x86;C:\Windows\system32;C:\Windows;C:\Windows\System32\Wbem;C:\Windows\System32\WindowsPowerShell\v1.0\;C:\Program Files (x86)\ATI Technologies\ATI.ACE\Core-Static;C:\Program Files (x86)\AMD\ATI.ACE\Core-Static;C:\Program Files\Microsoft\Web Platform Installer\;C:\Program Files (x86)\Microsoft ASP.NET\ASP.NET Web Pages\v1.0\;C:\Program Files\Microsoft SQL Server\110\Tools\Binn\;C:\Program Files (x86)\PuTTY\;;C:\Program Files (x86)\Microsoft VS Code\bin;X:\sts-bundle\sts-3.8.2.RELEASE;
USERNAME=RAZARUS
OS=Windows_NT
PROCESSOR_IDENTIFIER=AMD64 Family 21 Model 16 Stepping 1, AuthenticAMD



---------------  S Y S T E M  ---------------

OS: Windows 7 , 64 bit Build 7601 (6.1.7601.23455)

CPU:total 4 (4 cores per cpu, 1 threads per core) family 21 model 16 stepping 1, cmov, cx8, fxsr, mmx, sse, sse2, sse3, ssse3, sse4.1, sse4.2, popcnt, avx, aes, clmul, mmxext, 3dnowpref, lzcnt, sse4a, tsc, tscinvbit, tscinv, bmi1

Memory: 4k page, physical 16204780k(5229856k free), swap 16202920k(4412484k free)

vm_info: Java HotSpot(TM) 64-Bit Server VM (25.111-b14) for windows-amd64 JRE (1.8.0_111-b14), built on Sep 22 2016 19:24:05 by "java_re" with MS VC++ 10.0 (VS2010)

time: Sun Aug 06 21:48:57 2017
elapsed time: 91 seconds (0d 0h 1m 31s)

