#
# A fatal error has been detected by the Java Runtime Environment:
#
#  EXCEPTION_ACCESS_VIOLATION (0xc0000005) at pc=0x000000007706eef1, pid=5528, tid=0x00000000000015fc
#
# JRE version: Java(TM) SE Runtime Environment (8.0_111-b14) (build 1.8.0_111-b14)
# Java VM: Java HotSpot(TM) 64-Bit Server VM (25.111-b14 mixed mode windows-amd64 compressed oops)
# Problematic frame:
# C  [ntdll.dll+0x4eef1]
#
# Failed to write core dump. Minidumps are not enabled by default on client versions of Windows
#
# If you would like to submit a bug report, please visit:
#   http://bugreport.java.com/bugreport/crash.jsp
# The crash happened outside the Java Virtual Machine in native code.
# See problematic frame for where to report the bug.
#

---------------  T H R E A D  ---------------

Current thread (0x000000001e4b2000):  JavaThread "Thread-2" [_thread_in_native, id=5628, stack(0x00000000220f0000,0x00000000221f0000)]

siginfo: ExceptionCode=0xc0000005, reading address 0x000007860ad5e098

Registers:
RAX=0x0000005d35303939, RBX=0x000007860ad5e090, RCX=0x000000ffffffffff, RDX=0x0000000000000000
RSP=0x00000000221ed9e0, RBP=0x0000000000255170, RSI=0x0000000000000000, RDI=0x0000000000000000
R8 =0x0000000000255160, R9 =0x0000000000000005, R10=0x0000000000000008, R11=0x000005cb0048001b
R12=0x00000000001f0000, R13=0x0000000000000000, R14=0x00000000221ee4c8, R15=0x0000000000000000
RIP=0x000000007706eef1, EFLAGS=0x0000000000010216

Top of Stack: (sp=0x00000000221ed9e0)
0x00000000221ed9e0:   0000000000260440 000007fefd5b84b3
0x00000000221ed9f0:   0000000000260440 000007fefd5b872d
0x00000000221eda00:   00000000002627c0 00000000221ee1f8
0x00000000221eda10:   000000000028d7b0 0000000000000002
0x00000000221eda20:   0000000000000000 00000000221ee4c8
0x00000000221eda30:   0000000000000001 0000000000260440
0x00000000221eda40:   0000000000255170 0000000000000000
0x00000000221eda50:   000000000025eaa0 000007fefd5a6790
0x00000000221eda60:   0000000000000001 0000000000000000
0x00000000221eda70:   0000000000000000 000007fefd5b8347
0x00000000221eda80:   00000000002627c0 0000000000260440
0x00000000221eda90:   000007fef99b6900 00000000221ee1f8
0x00000000221edaa0:   0000000000000000 000007fefd5b8314
0x00000000221edab0:   00000000221edb18 0000000000000000
0x00000000221edac0:   0000000000000000 0000000000000000
0x00000000221edad0:   00000000221edec0 000007fef99b1414 

Instructions: (pc=0x000000007706eef1)
0x000000007706eed1:   ff ff 00 00 00 49 33 dc 48 23 c1 48 c1 eb 04 48
0x000000007706eee1:   33 d8 48 33 1d de f4 0c 00 48 c1 e3 04 0f 0d 0b
0x000000007706eef1:   48 8b 7b 08 49 bd 01 00 00 00 01 00 00 00 49 be
0x000000007706ef01:   ff 7f 00 00 ff ff ff ff 41 c6 40 0f 80 41 88 70 


Register to memory mapping:

RAX=0x0000005d35303939 is an unknown value
RBX=0x000007860ad5e090 is an unknown value
RCX=0x000000ffffffffff is an unknown value
RDX=0x0000000000000000 is an unknown value
RSP=0x00000000221ed9e0 is pointing into the stack for thread: 0x000000001e4b2000
RBP=0x0000000000255170 is an unknown value
RSI=0x0000000000000000 is an unknown value
RDI=0x0000000000000000 is an unknown value
R8 =0x0000000000255160 is an unknown value
R9 =0x0000000000000005 is an unknown value
R10=0x0000000000000008 is an unknown value
R11=0x000005cb0048001b is an unknown value
R12=0x00000000001f0000 is an unknown value
R13=0x0000000000000000 is an unknown value
R14=0x00000000221ee4c8 is pointing into the stack for thread: 0x000000001e4b2000
R15=0x0000000000000000 is an unknown value


Stack: [0x00000000220f0000,0x00000000221f0000],  sp=0x00000000221ed9e0,  free space=1014k
Native frames: (J=compiled Java code, j=interpreted, Vv=VM code, C=native code)
C  [ntdll.dll+0x4eef1]

Java frames: (J=compiled Java code, j=interpreted, Vv=VM code)
j  java.net.NetworkInterface.getAll()[Ljava/net/NetworkInterface;+0
j  java.net.NetworkInterface.getNetworkInterfaces()Ljava/util/Enumeration;+0
j  org.apache.tomcat.util.net.AbstractEndpoint.getUnlockAddress(Ljava/net/InetSocketAddress;)Ljava/net/InetSocketAddress;+14
j  org.apache.tomcat.util.net.AbstractEndpoint.unlockAccept()V+128
j  org.apache.tomcat.util.net.AbstractEndpoint.pause()V+20
j  org.apache.coyote.AbstractProtocol.pause()V+44
j  org.apache.catalina.connector.Connector.pause()V+4
j  org.apache.catalina.core.StandardService.stopInternal()V+32
j  org.apache.catalina.util.LifecycleBase.stop()V+214
j  org.apache.catalina.core.StandardServer.stopInternal()V+31
j  org.apache.catalina.util.LifecycleBase.stop()V+214
j  org.apache.catalina.startup.Tomcat.stop()V+9
j  org.springframework.boot.context.embedded.tomcat.TomcatEmbeddedServletContainer.stopTomcat()V+29
j  org.springframework.boot.context.embedded.tomcat.TomcatEmbeddedServletContainer.stop()V+18
j  org.springframework.boot.context.embedded.EmbeddedWebApplicationContext.stopAndReleaseEmbeddedServletContainer()V+10
j  org.springframework.boot.context.embedded.EmbeddedWebApplicationContext.onClose()V+5
j  org.springframework.context.support.AbstractApplicationContext.doClose()V+128
j  org.springframework.context.support.AbstractApplicationContext$2.run()V+14
v  ~StubRoutines::call_stub

---------------  P R O C E S S  ---------------

Java Threads: ( => current thread )
=>0x000000001e4b2000 JavaThread "Thread-2" [_thread_in_native, id=5628, stack(0x00000000220f0000,0x00000000221f0000)]
  0x000000001e4b1000 JavaThread "SIGINT handler" daemon [_thread_blocked, id=5624, stack(0x0000000026d50000,0x0000000026e50000)]
  0x000000001e4b0800 JavaThread "DestroyJavaVM" [_thread_blocked, id=5540, stack(0x0000000002890000,0x0000000002990000)]
  0x0000000021730000 JavaThread "http-nio-8080-AsyncTimeout" daemon [_thread_blocked, id=1468, stack(0x00000000265f0000,0x00000000266f0000)]
  0x000000002172f000 JavaThread "http-nio-8080-Acceptor-0" daemon [_thread_in_native, id=1156, stack(0x00000000267d0000,0x00000000268d0000)]
  0x000000002172e800 JavaThread "http-nio-8080-ClientPoller-1" daemon [_thread_in_native, id=6036, stack(0x0000000026360000,0x0000000026460000)]
  0x000000002172d800 JavaThread "http-nio-8080-ClientPoller-0" daemon [_thread_in_native, id=4600, stack(0x00000000264f0000,0x00000000265f0000)]
  0x000000002172d000 JavaThread "http-nio-8080-exec-10" daemon [_thread_blocked, id=5660, stack(0x0000000026210000,0x0000000026310000)]
  0x000000002172c000 JavaThread "http-nio-8080-exec-9" daemon [_thread_blocked, id=5228, stack(0x00000000260c0000,0x00000000261c0000)]
  0x000000002172b800 JavaThread "http-nio-8080-exec-8" daemon [_thread_blocked, id=4832, stack(0x0000000025ed0000,0x0000000025fd0000)]
  0x000000002172a800 JavaThread "http-nio-8080-exec-7" daemon [_thread_blocked, id=5092, stack(0x0000000025c80000,0x0000000025d80000)]
  0x000000002172a000 JavaThread "http-nio-8080-exec-6" daemon [_thread_blocked, id=4212, stack(0x0000000025dc0000,0x0000000025ec0000)]
  0x0000000021729000 JavaThread "http-nio-8080-exec-5" daemon [_thread_blocked, id=4888, stack(0x00000000259d0000,0x0000000025ad0000)]
  0x000000001e514000 JavaThread "http-nio-8080-exec-4" daemon [_thread_blocked, id=4700, stack(0x0000000025b30000,0x0000000025c30000)]
  0x000000001e513000 JavaThread "http-nio-8080-exec-3" daemon [_thread_blocked, id=5752, stack(0x0000000025880000,0x0000000025980000)]
  0x000000001e512800 JavaThread "http-nio-8080-exec-2" daemon [_thread_blocked, id=5952, stack(0x0000000021bd0000,0x0000000021cd0000)]
  0x000000001e511800 JavaThread "http-nio-8080-exec-1" daemon [_thread_blocked, id=5964, stack(0x0000000025730000,0x0000000025830000)]
  0x000000001e511000 JavaThread "NioBlockingSelector.BlockPoller-1" daemon [_thread_in_native, id=5820, stack(0x0000000025550000,0x0000000025650000)]
  0x0000000022b43800 JavaThread "container-0" [_thread_blocked, id=5824, stack(0x00000000251a0000,0x00000000252a0000)]
  0x000000001f45f000 JavaThread "ContainerBackgroundProcessor[StandardEngine[Tomcat]]" daemon [_thread_blocked, id=5840, stack(0x0000000023880000,0x0000000023980000)]
  0x000000001d2f6000 JavaThread "Service Thread" daemon [_thread_blocked, id=5432, stack(0x000000001da90000,0x000000001db90000)]
  0x000000001bc9e800 JavaThread "C1 CompilerThread2" daemon [_thread_blocked, id=5436, stack(0x000000001dc20000,0x000000001dd20000)]
  0x000000001bc9d800 JavaThread "C2 CompilerThread1" daemon [_thread_blocked, id=5488, stack(0x000000001d980000,0x000000001da80000)]
  0x000000001d272800 JavaThread "C2 CompilerThread0" daemon [_thread_blocked, id=5604, stack(0x000000001cda0000,0x000000001cea0000)]
  0x000000001d271000 JavaThread "Attach Listener" daemon [_thread_blocked, id=5596, stack(0x000000001d880000,0x000000001d980000)]
  0x000000001d26e000 JavaThread "Signal Dispatcher" daemon [_thread_blocked, id=5588, stack(0x000000001d6b0000,0x000000001d7b0000)]
  0x000000001bc7a800 JavaThread "Finalizer" daemon [_thread_blocked, id=5580, stack(0x000000001d160000,0x000000001d260000)]
  0x000000001bc31800 JavaThread "Reference Handler" daemon [_thread_blocked, id=5576, stack(0x000000001cf70000,0x000000001d070000)]

Other Threads:
  0x000000001bc2a000 VMThread [stack: 0x000000001cca0000,0x000000001cda0000] [id=5572]
  0x000000001d319800 WatcherThread [stack: 0x000000001dea0000,0x000000001dfa0000] [id=5508]

VM state:not at safepoint (normal execution)

VM Mutex/Monitor currently owned by a thread: None

Heap:
 PSYoungGen      total 264192K, used 55452K [0x000000076d900000, 0x0000000783580000, 0x00000007c0000000)
  eden space 252928K, 17% used [0x000000076d900000,0x000000077042dac0,0x000000077d000000)
  from space 11264K, 99% used [0x000000077d000000,0x000000077daf9708,0x000000077db00000)
  to   space 13824K, 0% used [0x0000000782800000,0x0000000782800000,0x0000000783580000)
 ParOldGen       total 93184K, used 12175K [0x00000006c8a00000, 0x00000006ce500000, 0x000000076d900000)
  object space 93184K, 13% used [0x00000006c8a00000,0x00000006c95e3e78,0x00000006ce500000)
 Metaspace       used 34058K, capacity 34810K, committed 34944K, reserved 1079296K
  class space    used 4189K, capacity 4360K, committed 4480K, reserved 1048576K

Card table byte_map: [0x0000000011d50000,0x0000000012510000] byte_map_base: 0x000000000e70b000

Marking Bits: (ParMarkBitMap*) 0x000000006947a6c0
 Begin Bits: [0x0000000012f30000, 0x0000000016d08000)
 End Bits:   [0x0000000016d08000, 0x000000001aae0000)

Polling page: 0x0000000000430000

CodeCache: size=245760Kb used=14618Kb max_used=14618Kb free=231141Kb
 bounds [0x0000000002990000, 0x0000000003800000, 0x0000000011990000]
 total_blobs=4528 nmethods=4082 adapters=359
 compilation: enabled

Compilation events (10 events):
Event: 57.877 Thread 0x000000001bc9e800 4688       3       java.util.concurrent.ConcurrentHashMap$EntryIterator::next (51 bytes)
Event: 57.878 Thread 0x000000001bc9e800 nmethod 4688 0x0000000003383850 code [0x00000000033839e0, 0x0000000003383e98]
Event: 57.878 Thread 0x000000001bc9e800 4690       3       java.util.concurrent.ConcurrentHashMap$BaseIterator::hasNext (13 bytes)
Event: 57.878 Thread 0x000000001bc9e800 nmethod 4690 0x0000000002e03810 code [0x0000000002e03960, 0x0000000002e03b10]
Event: 57.878 Thread 0x000000001bc9e800 4691   !   3       java.util.concurrent.ConcurrentHashMap::replaceNode (416 bytes)
Event: 57.882 Thread 0x000000001bc9e800 nmethod 4691 0x0000000003221f10 code [0x0000000003222200, 0x0000000003223dc8]
Event: 57.882 Thread 0x000000001bc9e800 4692       3       java.util.concurrent.ConcurrentHashMap::remove (8 bytes)
Event: 57.883 Thread 0x000000001bc9e800 nmethod 4692 0x00000000033833d0 code [0x0000000003383540, 0x0000000003383768]
Event: 57.883 Thread 0x000000001bc9e800 4689       3       java.util.concurrent.ConcurrentHashMap$MapEntry::<init> (20 bytes)
Event: 57.883 Thread 0x000000001bc9e800 nmethod 4689 0x0000000003221b10 code [0x0000000003221c60, 0x0000000003221e50]

GC Heap History (10 events):
Event: 4.614 GC heap before
{Heap before GC invocations=4 (full 0):
 PSYoungGen      total 74240K, used 71029K [0x000000076d900000, 0x0000000776a00000, 0x00000007c0000000)
  eden space 64000K, 100% used [0x000000076d900000,0x0000000771780000,0x0000000771780000)
  from space 10240K, 68% used [0x0000000771780000,0x0000000771e5d560,0x0000000772180000)
  to   space 10240K, 0% used [0x0000000776000000,0x0000000776000000,0x0000000776a00000)
 ParOldGen       total 169472K, used 96K [0x00000006c8a00000, 0x00000006d2f80000, 0x000000076d900000)
  object space 169472K, 0% used [0x00000006c8a00000,0x00000006c8a18010,0x00000006d2f80000)
 Metaspace       used 19968K, capacity 20340K, committed 20480K, reserved 1067008K
  class space    used 2455K, capacity 2549K, committed 2560K, reserved 1048576K
Event: 4.660 GC heap after
Heap after GC invocations=4 (full 0):
 PSYoungGen      total 138240K, used 8447K [0x000000076d900000, 0x0000000776a00000, 0x00000007c0000000)
  eden space 128000K, 0% used [0x000000076d900000,0x000000076d900000,0x0000000775600000)
  from space 10240K, 82% used [0x0000000776000000,0x000000077683fcc0,0x0000000776a00000)
  to   space 10240K, 0% used [0x0000000775600000,0x0000000775600000,0x0000000776000000)
 ParOldGen       total 169472K, used 104K [0x00000006c8a00000, 0x00000006d2f80000, 0x000000076d900000)
  object space 169472K, 0% used [0x00000006c8a00000,0x00000006c8a1a010,0x00000006d2f80000)
 Metaspace       used 19968K, capacity 20340K, committed 20480K, reserved 1067008K
  class space    used 2455K, capacity 2549K, committed 2560K, reserved 1048576K
}
Event: 5.024 GC heap before
{Heap before GC invocations=5 (full 0):
 PSYoungGen      total 138240K, used 27723K [0x000000076d900000, 0x0000000776a00000, 0x00000007c0000000)
  eden space 128000K, 15% used [0x000000076d900000,0x000000076ebd3000,0x0000000775600000)
  from space 10240K, 82% used [0x0000000776000000,0x000000077683fcc0,0x0000000776a00000)
  to   space 10240K, 0% used [0x0000000775600000,0x0000000775600000,0x0000000776000000)
 ParOldGen       total 169472K, used 104K [0x00000006c8a00000, 0x00000006d2f80000, 0x000000076d900000)
  object space 169472K, 0% used [0x00000006c8a00000,0x00000006c8a1a010,0x00000006d2f80000)
 Metaspace       used 20858K, capacity 21178K, committed 21296K, reserved 1069056K
  class space    used 2601K, capacity 2678K, committed 2688K, reserved 1048576K
Event: 5.076 GC heap after
Heap after GC invocations=5 (full 0):
 PSYoungGen      total 138240K, used 8332K [0x000000076d900000, 0x000000077e600000, 0x00000007c0000000)
  eden space 128000K, 0% used [0x000000076d900000,0x000000076d900000,0x0000000775600000)
  from space 10240K, 81% used [0x0000000775600000,0x0000000775e230f8,0x0000000776000000)
  to   space 9728K, 0% used [0x000000077dc80000,0x000000077dc80000,0x000000077e600000)
 ParOldGen       total 169472K, used 104K [0x00000006c8a00000, 0x00000006d2f80000, 0x000000076d900000)
  object space 169472K, 0% used [0x00000006c8a00000,0x00000006c8a1a010,0x00000006d2f80000)
 Metaspace       used 20858K, capacity 21178K, committed 21296K, reserved 1069056K
  class space    used 2601K, capacity 2678K, committed 2688K, reserved 1048576K
}
Event: 5.076 GC heap before
{Heap before GC invocations=6 (full 1):
 PSYoungGen      total 138240K, used 8332K [0x000000076d900000, 0x000000077e600000, 0x00000007c0000000)
  eden space 128000K, 0% used [0x000000076d900000,0x000000076d900000,0x0000000775600000)
  from space 10240K, 81% used [0x0000000775600000,0x0000000775e230f8,0x0000000776000000)
  to   space 9728K, 0% used [0x000000077dc80000,0x000000077dc80000,0x000000077e600000)
 ParOldGen       total 169472K, used 104K [0x00000006c8a00000, 0x00000006d2f80000, 0x000000076d900000)
  object space 169472K, 0% used [0x00000006c8a00000,0x00000006c8a1a010,0x00000006d2f80000)
 Metaspace       used 20858K, capacity 21178K, committed 21296K, reserved 1069056K
  class space    used 2601K, capacity 2678K, committed 2688K, reserved 1048576K
Event: 5.209 GC heap after
Heap after GC invocations=6 (full 1):
 PSYoungGen      total 138240K, used 0K [0x000000076d900000, 0x000000077e600000, 0x00000007c0000000)
  eden space 128000K, 0% used [0x000000076d900000,0x000000076d900000,0x0000000775600000)
  from space 10240K, 0% used [0x0000000775600000,0x0000000775600000,0x0000000776000000)
  to   space 9728K, 0% used [0x000000077dc80000,0x000000077dc80000,0x000000077e600000)
 ParOldGen       total 93184K, used 8307K [0x00000006c8a00000, 0x00000006ce500000, 0x000000076d900000)
  object space 93184K, 8% used [0x00000006c8a00000,0x00000006c921ce50,0x00000006ce500000)
 Metaspace       used 20858K, capacity 21178K, committed 21296K, reserved 1069056K
  class space    used 2601K, capacity 2678K, committed 2688K, reserved 1048576K
}
Event: 7.790 GC heap before
{Heap before GC invocations=7 (full 1):
 PSYoungGen      total 138240K, used 128000K [0x000000076d900000, 0x000000077e600000, 0x00000007c0000000)
  eden space 128000K, 100% used [0x000000076d900000,0x0000000775600000,0x0000000775600000)
  from space 10240K, 0% used [0x0000000775600000,0x0000000775600000,0x0000000776000000)
  to   space 9728K, 0% used [0x000000077dc80000,0x000000077dc80000,0x000000077e600000)
 ParOldGen       total 93184K, used 8307K [0x00000006c8a00000, 0x00000006ce500000, 0x000000076d900000)
  object space 93184K, 8% used [0x00000006c8a00000,0x00000006c921ce50,0x00000006ce500000)
 Metaspace       used 27309K, capacity 27760K, committed 28160K, reserved 1073152K
  class space    used 3407K, capacity 3519K, committed 3584K, reserved 1048576K
Event: 7.818 GC heap after
Heap after GC invocations=7 (full 1):
 PSYoungGen      total 219136K, used 9701K [0x000000076d900000, 0x000000077e600000, 0x00000007c0000000)
  eden space 209408K, 0% used [0x000000076d900000,0x000000076d900000,0x000000077a580000)
  from space 9728K, 99% used [0x000000077dc80000,0x000000077e5f9660,0x000000077e600000)
  to   space 11264K, 0% used [0x000000077d000000,0x000000077d000000,0x000000077db00000)
 ParOldGen       total 93184K, used 10155K [0x00000006c8a00000, 0x00000006ce500000, 0x000000076d900000)
  object space 93184K, 10% used [0x00000006c8a00000,0x00000006c93eae80,0x00000006ce500000)
 Metaspace       used 27309K, capacity 27760K, committed 28160K, reserved 1073152K
  class space    used 3407K, capacity 3519K, committed 3584K, reserved 1048576K
}
Event: 16.522 GC heap before
{Heap before GC invocations=8 (full 1):
 PSYoungGen      total 219136K, used 219109K [0x000000076d900000, 0x000000077e600000, 0x00000007c0000000)
  eden space 209408K, 100% used [0x000000076d900000,0x000000077a580000,0x000000077a580000)
  from space 9728K, 99% used [0x000000077dc80000,0x000000077e5f9660,0x000000077e600000)
  to   space 11264K, 0% used [0x000000077d000000,0x000000077d000000,0x000000077db00000)
 ParOldGen       total 93184K, used 10155K [0x00000006c8a00000, 0x00000006ce500000, 0x000000076d900000)
  object space 93184K, 10% used [0x00000006c8a00000,0x00000006c93eae80,0x00000006ce500000)
 Metaspace       used 31950K, capacity 32622K, committed 32896K, reserved 1077248K
  class space    used 3982K, capacity 4108K, committed 4224K, reserved 1048576K
Event: 16.550 GC heap after
Heap after GC invocations=8 (full 1):
 PSYoungGen      total 264192K, used 11237K [0x000000076d900000, 0x0000000783580000, 0x00000007c0000000)
  eden space 252928K, 0% used [0x000000076d900000,0x000000076d900000,0x000000077d000000)
  from space 11264K, 99% used [0x000000077d000000,0x000000077daf9708,0x000000077db00000)
  to   space 13824K, 0% used [0x0000000782800000,0x0000000782800000,0x0000000783580000)
 ParOldGen       total 93184K, used 12175K [0x00000006c8a00000, 0x00000006ce500000, 0x000000076d900000)
  object space 93184K, 13% used [0x00000006c8a00000,0x00000006c95e3e78,0x00000006ce500000)
 Metaspace       used 31950K, capacity 32622K, committed 32896K, reserved 1077248K
  class space    used 3982K, capacity 4108K, committed 4224K, reserved 1048576K
}

Deoptimization events (10 events):
Event: 18.227 Thread 0x000000001e513000 Uncommon trap: reason=unstable_if action=reinterpret pc=0x000000000372f698 method=java.nio.Buffer.position(I)Ljava/nio/Buffer; @ 33
Event: 49.040 Thread 0x0000000021729000 Uncommon trap: reason=unstable_if action=reinterpret pc=0x0000000003747e84 method=java.lang.ThreadLocal.get()Ljava/lang/Object; @ 11
Event: 49.045 Thread 0x0000000021729000 Uncommon trap: reason=unstable_if action=reinterpret pc=0x00000000036e1138 method=com.fasterxml.jackson.core.json.JsonReadContext.expectComma()Z @ 16
Event: 49.045 Thread 0x0000000021729000 Uncommon trap: reason=unstable_if action=reinterpret pc=0x00000000036abc20 method=com.fasterxml.jackson.core.util.TextBuffer.emptyAndGetCurrentSegment()[C @ 47
Event: 49.046 Thread 0x0000000021729000 Uncommon trap: reason=unstable_if action=reinterpret pc=0x0000000003727748 method=com.fasterxml.jackson.core.util.TextBuffer.emptyAndGetCurrentSegment()[C @ 34
Event: 49.571 Thread 0x0000000021729000 Uncommon trap: reason=unstable_if action=reinterpret pc=0x0000000003742348 method=com.fasterxml.jackson.core.json.JsonWriteContext.writeValue()I @ 39
Event: 49.571 Thread 0x0000000021729000 Uncommon trap: reason=unstable_if action=reinterpret pc=0x000000000375a818 method=com.fasterxml.jackson.core.json.JsonWriteContext.createChildObjectContext()Lcom/fasterxml/jackson/core/json/JsonWriteContext; @ 6
Event: 49.572 Thread 0x0000000021729000 Uncommon trap: reason=unstable_if action=reinterpret pc=0x000000000374e714 method=com.fasterxml.jackson.core.io.NumberOutput.outputInt(I[BI)I @ 44
Event: 49.572 Thread 0x0000000021729000 Uncommon trap: reason=unstable_if action=reinterpret pc=0x000000000374b4d0 method=com.fasterxml.jackson.core.io.NumberOutput.outputInt(I[BI)I @ 44
Event: 49.572 Thread 0x0000000021729000 Uncommon trap: reason=unstable_if action=reinterpret pc=0x000000000374d1ac method=com.fasterxml.jackson.core.io.NumberOutput.outputInt(I[BI)I @ 44

Internal exceptions (10 events):
Event: 16.555 Thread 0x000000001e513000 Exception <a 'java/lang/ClassNotFoundException': org/springframework/web/servlet/support/SessionFlashMapManagerCustomizer> (0x000000076d9661c0) thrown at [C:\re\workspace\8-2-build-windows-amd64-cygwin\jdk8u111\7883\hotspot\src\share\vm\classfile\systemDi
Event: 16.555 Thread 0x000000001e513000 Exception <a 'java/lang/ClassNotFoundException': org/springframework/web/servlet/FlashMapManagerCustomizer> (0x000000076d988ec0) thrown at [C:\re\workspace\8-2-build-windows-amd64-cygwin\jdk8u111\7883\hotspot\src\share\vm\classfile\systemDictionary.cpp, l
Event: 16.628 Thread 0x000000001e513000 Implicit null exception at 0x00000000035dc690 to 0x00000000035e570d
Event: 17.115 Thread 0x000000001e513000 Exception <a 'java/io/FileNotFoundException'> (0x000000076e92fcf0) thrown at [C:\re\workspace\8-2-build-windows-amd64-cygwin\jdk8u111\7883\hotspot\src\share\vm\prims\jni.cpp, line 709]
Event: 17.115 Thread 0x000000001e513000 Exception <a 'java/io/FileNotFoundException'> (0x000000076e9316f0) thrown at [C:\re\workspace\8-2-build-windows-amd64-cygwin\jdk8u111\7883\hotspot\src\share\vm\prims\jni.cpp, line 709]
Event: 18.227 Thread 0x000000001e513000 Exception <a 'java/io/IOException'> (0x000000076f10c788) thrown at [C:\re\workspace\8-2-build-windows-amd64-cygwin\jdk8u111\7883\hotspot\src\share\vm\prims\jni.cpp, line 709]
Event: 49.040 Thread 0x0000000021729000 Implicit null exception at 0x0000000003747d28 to 0x0000000003747e75
Event: 49.045 Thread 0x0000000021729000 Implicit null exception at 0x00000000036ab180 to 0x00000000036abbfd
Event: 49.571 Thread 0x0000000021729000 Implicit null exception at 0x000000000375a26a to 0x000000000375a7fd
Event: 49.979 Thread 0x0000000021729000 Exception <a 'java/io/IOException'> (0x000000076fcb0e98) thrown at [C:\re\workspace\8-2-build-windows-amd64-cygwin\jdk8u111\7883\hotspot\src\share\vm\prims\jni.cpp, line 709]

Events (10 events):
Event: 57.871 loading class java/util/Collections$ReverseComparator
Event: 57.871 loading class java/util/Collections$ReverseComparator done
Event: 57.872 loading class org/springframework/context/support/DefaultLifecycleProcessor$1
Event: 57.872 loading class org/springframework/context/support/DefaultLifecycleProcessor$1 done
Event: 57.874 Executing VM operation: RevokeBias
Event: 57.874 Executing VM operation: RevokeBias done
Event: 57.877 Executing VM operation: RevokeBias
Event: 57.878 Executing VM operation: RevokeBias done
Event: 57.880 Executing VM operation: RevokeBias
Event: 57.880 Executing VM operation: RevokeBias done


Dynamic libraries:
0x000000013f8f0000 - 0x000000013f927000 	C:\ProgramData\Oracle\Java\javapath\java.exe
0x0000000077020000 - 0x00000000771cb000 	C:\Windows\SYSTEM32\ntdll.dll
0x0000000076f00000 - 0x000000007701f000 	C:\Windows\system32\kernel32.dll
0x000007fefd290000 - 0x000007fefd2fa000 	C:\Windows\system32\KERNELBASE.dll
0x000007feff0f0000 - 0x000007feff1cb000 	C:\Windows\system32\ADVAPI32.dll
0x000007fefea70000 - 0x000007fefeb0f000 	C:\Windows\system32\msvcrt.dll
0x000007fefed30000 - 0x000007fefed4f000 	C:\Windows\SYSTEM32\sechost.dll
0x000007fefd570000 - 0x000007fefd69d000 	C:\Windows\system32\RPCRT4.dll
0x0000000076e00000 - 0x0000000076efa000 	C:\Windows\system32\USER32.dll
0x000007fefeb10000 - 0x000007fefeb77000 	C:\Windows\system32\GDI32.dll
0x000007feff0e0000 - 0x000007feff0ee000 	C:\Windows\system32\LPK.dll
0x000007fefdbb0000 - 0x000007fefdc7a000 	C:\Windows\system32\USP10.dll
0x000007fefb710000 - 0x000007fefb904000 	C:\Windows\WinSxS\amd64_microsoft.windows.common-controls_6595b64144ccf1df_6.0.7601.23403_none_e36ad4593102f066\COMCTL32.dll
0x000007feff060000 - 0x000007feff0d1000 	C:\Windows\system32\SHLWAPI.dll
0x000007fefed00000 - 0x000007fefed2e000 	C:\Windows\system32\IMM32.DLL
0x000007fefef50000 - 0x000007feff059000 	C:\Windows\system32\MSCTF.dll
0x0000000069a90000 - 0x0000000069b62000 	C:\Program Files\Java\jre1.8.0_111\bin\msvcr100.dll
0x0000000068c60000 - 0x00000000694fa000 	C:\Program Files\Java\jre1.8.0_111\bin\server\jvm.dll
0x000007fef71e0000 - 0x000007fef71e9000 	C:\Windows\system32\WSOCK32.dll
0x000007fefeb80000 - 0x000007fefebcd000 	C:\Windows\system32\WS2_32.dll
0x000007fefd560000 - 0x000007fefd568000 	C:\Windows\system32\NSI.dll
0x000007fefa310000 - 0x000007fefa34b000 	C:\Windows\system32\WINMM.dll
0x000007fefbf20000 - 0x000007fefbf2c000 	C:\Windows\system32\VERSION.dll
0x00000000771f0000 - 0x00000000771f7000 	C:\Windows\system32\PSAPI.DLL
0x0000000073d20000 - 0x0000000073d2f000 	C:\Program Files\Java\jre1.8.0_111\bin\verify.dll
0x0000000073cf0000 - 0x0000000073d19000 	C:\Program Files\Java\jre1.8.0_111\bin\java.dll
0x0000000073cd0000 - 0x0000000073ce6000 	C:\Program Files\Java\jre1.8.0_111\bin\zip.dll
0x000007fefdce0000 - 0x000007fefea6c000 	C:\Windows\system32\SHELL32.dll
0x000007fefd6a0000 - 0x000007fefd8a3000 	C:\Windows\system32\ole32.dll
0x000007fefcf70000 - 0x000007fefcf7f000 	C:\Windows\system32\profapi.dll
0x0000000070150000 - 0x000000007015d000 	C:\Program Files\Java\jre1.8.0_111\bin\management.dll
0x0000000073cb0000 - 0x0000000073cca000 	C:\Program Files\Java\jre1.8.0_111\bin\net.dll
0x000007fefc7a0000 - 0x000007fefc7f5000 	C:\Windows\system32\mswsock.dll
0x000007fefc790000 - 0x000007fefc797000 	C:\Windows\System32\wship6.dll
0x000007fefa350000 - 0x000007fefa365000 	C:\Windows\system32\NLAapi.dll
0x000007fee65c0000 - 0x000007fee65d5000 	C:\Windows\system32\napinsp.dll
0x000007fee64a0000 - 0x000007fee64b9000 	C:\Windows\system32\pnrpnsp.dll
0x000007fefc620000 - 0x000007fefc67b000 	C:\Windows\system32\DNSAPI.dll
0x000007fee6460000 - 0x000007fee646b000 	C:\Windows\System32\winrnr.dll
0x000007fefbff0000 - 0x000007fefbff7000 	C:\Windows\System32\wshtcpip.dll
0x000007fef9bc0000 - 0x000007fef9be7000 	C:\Windows\system32\IPHLPAPI.DLL
0x000007fef9ba0000 - 0x000007fef9bab000 	C:\Windows\system32\WINNSI.DLL
0x000007fef3560000 - 0x000007fef3568000 	C:\Windows\system32\rasadhlp.dll
0x000007fef9a50000 - 0x000007fef9aa3000 	C:\Windows\System32\fwpuclnt.dll
0x0000000073c90000 - 0x0000000073ca1000 	C:\Program Files\Java\jre1.8.0_111\bin\nio.dll
0x000007fefc840000 - 0x000007fefc858000 	C:\Windows\system32\CRYPTSP.dll
0x000007fefc4e0000 - 0x000007fefc527000 	C:\Windows\system32\rsaenh.dll
0x000007fefc5d0000 - 0x000007fefc5ef000 	C:\Windows\system32\USERENV.dll
0x000007fefcea0000 - 0x000007fefceaf000 	C:\Windows\system32\CRYPTBASE.dll
0x000007fef99b0000 - 0x000007fef99c1000 	C:\Windows\system32\dhcpcsvc6.DLL
0x000007fef9990000 - 0x000007fef99a8000 	C:\Windows\system32\dhcpcsvc.DLL
0x000007fef83d0000 - 0x000007fef8412000 	çF??çF??çF??çF??çF??çF??çF??çF??çF??çF??çF??çF??çF??çF??çF??çF??çF?áåçF??çF??çF?
0x000007fef7b60000 - 0x000007fef7b63000 	C:\Windows\system32\api-ms-win-core-synch-l1-2-0.DLL
0x000007fedbcb0000 - 0x000007fedbdd5000 	C:\Windows\system32\dbghelp.dll

VM Arguments:
java_command: spring-boot-jna-0.1.0.jar
java_class_path (initial): spring-boot-jna-0.1.0.jar
Launcher Type: SUN_STANDARD

Environment Variables:
JAVA_HOME=C:\Program Files\Java\jdk1.8.0_111
PATH=C:\ProgramData\Oracle\Java\javapath;C:\Program Files (x86)\AMD APP\bin\x86_64;C:\Program Files (x86)\AMD APP\bin\x86;C:\Windows\system32;C:\Windows;C:\Windows\System32\Wbem;C:\Windows\System32\WindowsPowerShell\v1.0\;C:\Program Files (x86)\ATI Technologies\ATI.ACE\Core-Static;C:\Program Files (x86)\AMD\ATI.ACE\Core-Static;C:\Program Files\Microsoft\Web Platform Installer\;C:\Program Files (x86)\Microsoft ASP.NET\ASP.NET Web Pages\v1.0\;C:\Program Files\Microsoft SQL Server\110\Tools\Binn\;C:\Program Files (x86)\PuTTY\;;C:\Program Files (x86)\Microsoft VS Code\bin
USERNAME=RAZARUS
OS=Windows_NT
PROCESSOR_IDENTIFIER=AMD64 Family 21 Model 16 Stepping 1, AuthenticAMD



---------------  S Y S T E M  ---------------

OS: Windows 7 , 64 bit Build 7601 (6.1.7601.23455)

CPU:total 4 (4 cores per cpu, 1 threads per core) family 21 model 16 stepping 1, cmov, cx8, fxsr, mmx, sse, sse2, sse3, ssse3, sse4.1, sse4.2, popcnt, avx, aes, clmul, mmxext, 3dnowpref, lzcnt, sse4a, tsc, tscinvbit, tscinv, bmi1

Memory: 4k page, physical 16204780k(5523456k free), swap 16202920k(4660372k free)

vm_info: Java HotSpot(TM) 64-Bit Server VM (25.111-b14) for windows-amd64 JRE (1.8.0_111-b14), built on Sep 22 2016 19:24:05 by "java_re" with MS VC++ 10.0 (VS2010)

time: Sun Aug 06 20:42:52 2017
elapsed time: 57 seconds (0d 0h 0m 57s)

